<?xml version="1.0" encoding="UTF-8"?>
<!-- Generated by org.testng.reporters.JUnitReportReporter -->
<testsuite name="com.sqa.anayak.adactin.LoginTestTC101" tests="1" time="4.536" ignored="0" failures="0" timestamp="28 May 2017 01:18:51 GMT" skipped="0" hostname="Girishs-Air" errors="0">
  <testcase name="testLogin" time="4.536" classname="com.sqa.anayak.adactin.LoginTestTC101"/>
</testsuite> <!-- com.sqa.anayak.adactin.LoginTestTC101 -->
